
Showing logs for build [32mcb-kubecd-environment-pr-184-27-4qwth-1[0m stage [32mfrom-build-pack[0m and container [32mstep-credential-initializer-9h4j9[0m
{"level":"warn","ts":1584517944.01296,"logger":"fallback-logger","caller":"logging/config.go:69","msg":"Fetch GitHub commit ID from kodata failed: \"ref: refs/heads/0.8.0-**-support-backwards-incompats\" is not a valid GitHub commit ID"}
{"level":"info","ts":1584517944.0139086,"logger":"fallback-logger","caller":"creds-init/main.go:40","msg":"Credentials initialized."}

Showing logs for build [32mcb-kubecd-environment-pr-184-27-4qwth-1[0m stage [32mfrom-build-pack[0m and container [32mstep-working-dir-initializer-24qgc[0m
{"level":"warn","ts":1584517945.7601154,"logger":"fallback-logger","caller":"logging/config.go:69","msg":"Fetch GitHub commit ID from kodata failed: open /var/run/ko/HEAD: no such file or directory"}
{"level":"info","ts":1584517945.761739,"logger":"fallback-logger","caller":"bash/main.go:64","msg":"Successfully executed command \"sh -c mkdir -p /workspace/source\"; output "}

Showing logs for build [32mcb-kubecd-environment-pr-184-27-4qwth-1[0m stage [32mfrom-build-pack[0m and container [32mstep-place-tools[0m

Showing logs for build [32mcb-kubecd-environment-pr-184-27-4qwth-1[0m stage [32mfrom-build-pack[0m and container [32mstep-git-source-cb-kubecd-environment-pr-184-27-4qwth-4x268[0m
{"level":"warn","ts":1584517949.7739804,"logger":"fallback-logger","caller":"logging/config.go:69","msg":"Fetch GitHub commit ID from kodata failed: \"ref: refs/heads/0.8.0-**-support-backwards-incompats\" is not a valid GitHub commit ID"}
{"level":"info","ts":1584517950.8145554,"logger":"fallback-logger","caller":"git/git.go:103","msg":"Successfully cloned https://github.com/cb-kubecd/environment-pr-184-27-boot-vault-gke-staging.git @ master in path /workspace/source"}

Showing logs for build [32mcb-kubecd-environment-pr-184-27-4qwth-1[0m stage [32mfrom-build-pack[0m and container [32mstep-git-merge[0m
Using SHAs from PULL_REFS=master:0a96c1165eb0bd27b947ee5a0ac1f29070c61ea0,4:d4ddd9b051990668c3e423b7c310d50c2ce644e9
DEBUG: LC_ALL=C JX_LOG_LEVEL=error git fetch origin --unshallow d4ddd9b051990668c3e423b7c310d50c2ce644e9: 0a96c1165eb0bd27b947ee5a0ac1f29070c61ea0:
DEBUG: ran git fetch --unshallow origin d4ddd9b051990668c3e423b7c310d50c2ce644e9: 0a96c1165eb0bd27b947ee5a0ac1f29070c61ea0: in 
DEBUG: LC_ALL=C JX_LOG_LEVEL=error git branch
DEBUG: LC_ALL=C JX_LOG_LEVEL=error git checkout master
DEBUG: ran git checkout master in 
DEBUG: LC_ALL=C JX_LOG_LEVEL=error git reset --hard 0a96c1165eb0bd27b947ee5a0ac1f29070c61ea0
DEBUG: ran git reset --hard 0a96c1165eb0bd27b947ee5a0ac1f29070c61ea0 in 
DEBUG: LC_ALL=C JX_LOG_LEVEL=error git clean -fd .
DEBUG: ran clean --force -d . in 
DEBUG: LC_ALL=C JX_LOG_LEVEL=error git merge d4ddd9b051990668c3e423b7c310d50c2ce644e9
DEBUG: ran git merge d4ddd9b051990668c3e423b7c310d50c2ce644e9 in 
DEBUG: LC_ALL=C JX_LOG_LEVEL=error git log --format=%H%x1f%an%x1f%ae%x1f%cn%x1f%ce%x1f%s%n%b%x1e 0a96c1165eb0bd27b947ee5a0ac1f29070c61ea0..HEAD
Merged SHA d4ddd9b051990668c3e423b7c310d50c2ce644e9 with commit message 'chore: Promote bdd-nh-1584516034 to version 0.0.1' into base branch master

Showing logs for build [32mcb-kubecd-environment-pr-184-27-4qwth-1[0m stage [32mfrom-build-pack[0m and container [32mstep-build-helm-build[0m
WARNING: No $CHART_REPOSITORY defined so using the default value of: http://jenkins-x-chartmuseum:8080
Adding missing Helm repo: storage.googleapis.com https://storage.googleapis.com/chartmuseum.jenkins-x.io
WARNING: No secrets found on "helm/repos" due: reading the secret "helm/repos" from vault: no secret "helm/repos" not found in vault
Read credentials for https://storage.googleapis.com/chartmuseum.jenkins-x.io from vault helm/repos
Successfully added Helm repository storage.googleapis.com.
Adding missing Helm repo: jenkins-x-chartmuseum http://jenkins-x-chartmuseum:8080
WARNING: No secrets found on "helm/repos" due: reading the secret "helm/repos" from vault: no secret "helm/repos" not found in vault
Read credentials for http://jenkins-x-chartmuseum:8080 from vault helm/repos
Successfully added Helm repository jenkins-x-chartmuseum.
WARNING: No $CHART_REPOSITORY defined so using the default value of: http://jenkins-x-chartmuseum:8080
Adding missing Helm repo: chartmuseum.jenkins-x.io http://chartmuseum.jenkins-x.io
WARNING: No secrets found on "helm/repos" due: reading the secret "helm/repos" from vault: no secret "helm/repos" not found in vault
Read credentials for http://chartmuseum.jenkins-x.io from vault helm/repos
Successfully added Helm repository chartmuseum.jenkins-x.io.
